android/app/build/intermediates/manifest_merge_blame_file/debug/processDebugMainManifest/manifest-merger-blame-debug-report.txt
1<?xml version="1.0" encoding="utf-8"?>
2<manifest xmlns:android="http://schemas.android.com/apk/res/android"
3    package="com.noesis.app"
4    android:versionCode="1"
5    android:versionName="1.0" >
6
7    <uses-sdk
8        android:minSdkVersion="23"
9        android:targetSdkVersion="35" />
10
11    <uses-permission android:name="android.permission.INTERNET" />
11-->src\main\AndroidManifest.xml:4:5-67
11-->src\main\AndroidManifest.xml:4:22-64
12    <uses-permission android:name="android.permission.FOREGROUND_SERVICE" />
12-->src\main\AndroidManifest.xml:5:5-77
12-->src\main\AndroidManifest.xml:5:22-74
13    <uses-permission android:name="android.permission.FOREGROUND_SERVICE_MEDIA_PLAYBACK" />
13-->src\main\AndroidManifest.xml:6:5-92
13-->src\main\AndroidManifest.xml:6:22-89
14    <uses-permission android:name="android.permission.POST_NOTIFICATIONS" />
14-->src\main\AndroidManifest.xml:7:5-77
14-->src\main\AndroidManifest.xml:7:22-74
15    <uses-permission android:name="android.permission.RECEIVE_BOOT_COMPLETED" />
15-->[:capacitor-local-notifications] AndroidManifest.xml:7:5-81
15-->[:capacitor-local-notifications] AndroidManifest.xml:7:22-78
16    <uses-permission android:name="android.permission.WAKE_LOCK" />
16-->[:capacitor-local-notifications] AndroidManifest.xml:8:5-68
16-->[:capacitor-local-notifications] AndroidManifest.xml:8:22-65
17    <uses-permission android:name="android.permission.ACCESS_NETWORK_STATE" /> <!-- Required by older versions of Google Play services to create IID tokens -->
17-->[androidx.media3:media3-common:1.4.1] AndroidManifest.xml:22:5-79
17-->[androidx.media3:media3-common:1.4.1] AndroidManifest.xml:22:22-76
18    <uses-permission android:name="com.google.android.c2dm.permission.RECEIVE" />
18-->[com.google.firebase:firebase-messaging:25.0.1] AndroidManifest.xml:26:5-82
18-->[com.google.firebase:firebase-messaging:25.0.1] AndroidManifest.xml:26:22-79
19
20    <permission
20-->[androidx.core:core:1.13.0] AndroidManifest.xml:22:5-24:47
21        android:name="com.noesis.app.DYNAMIC_RECEIVER_NOT_EXPORTED_PERMISSION"
21-->[androidx.core:core:1.13.0] AndroidManifest.xml:23:9-81
22        android:protectionLevel="signature" />
22-->[androidx.core:core:1.13.0] AndroidManifest.xml:24:9-44
23
24    <uses-permission android:name="com.noesis.app.DYNAMIC_RECEIVER_NOT_EXPORTED_PERMISSION" />
24-->[androidx.core:core:1.13.0] AndroidManifest.xml:26:5-97
24-->[androidx.core:core:1.13.0] AndroidManifest.xml:26:22-94
25
26    <application
26-->src\main\AndroidManifest.xml:9:5-59:19
27        android:allowBackup="true"
27-->src\main\AndroidManifest.xml:10:9-35
28        android:appComponentFactory="androidx.core.app.CoreComponentFactory"
28-->[androidx.core:core:1.13.0] AndroidManifest.xml:28:18-86
29        android:debuggable="true"
30        android:extractNativeLibs="false"
31        android:icon="@mipmap/ic_launcher"
31-->src\main\AndroidManifest.xml:11:9-43
32        android:label="@string/app_name"
32-->src\main\AndroidManifest.xml:12:9-41
33        android:roundIcon="@mipmap/ic_launcher_round"
33-->src\main\AndroidManifest.xml:13:9-54
34        android:supportsRtl="true"
34-->src\main\AndroidManifest.xml:14:9-35
35        android:theme="@style/AppTheme" >
35-->src\main\AndroidManifest.xml:15:9-40
36        <activity
36-->src\main\AndroidManifest.xml:17:9-37:20
37            android:name="com.noesis.app.MainActivity"
37-->src\main\AndroidManifest.xml:18:13-41
38            android:configChanges="orientation|keyboardHidden|keyboard|screenSize|locale|smallestScreenSize|screenLayout|uiMode"
38-->src\main\AndroidManifest.xml:19:13-129
39            android:exported="true"
39-->src\main\AndroidManifest.xml:20:13-36
40            android:label="@string/title_activity_main"
40-->src\main\AndroidManifest.xml:21:13-56
41            android:launchMode="singleTask"
41-->src\main\AndroidManifest.xml:22:13-44
42            android:theme="@style/AppTheme.NoActionBarLaunch" >
42-->src\main\AndroidManifest.xml:23:13-62
43            <intent-filter>
43-->src\main\AndroidManifest.xml:25:13-28:29
44                <action android:name="android.intent.action.MAIN" />
44-->src\main\AndroidManifest.xml:26:17-69
44-->src\main\AndroidManifest.xml:26:25-66
45
46                <category android:name="android.intent.category.LAUNCHER" />
46-->src\main\AndroidManifest.xml:27:17-77
46-->src\main\AndroidManifest.xml:27:27-74
47            </intent-filter>
48            <intent-filter>
48-->src\main\AndroidManifest.xml:30:13-35:29
49                <action android:name="android.intent.action.VIEW" />
49-->src\main\AndroidManifest.xml:31:17-69
49-->src\main\AndroidManifest.xml:31:25-66
50
51                <category android:name="android.intent.category.DEFAULT" />
51-->src\main\AndroidManifest.xml:32:17-76
51-->src\main\AndroidManifest.xml:32:27-73
52                <category android:name="android.intent.category.BROWSABLE" />
52-->src\main\AndroidManifest.xml:33:17-78
52-->src\main\AndroidManifest.xml:33:27-75
53
54                <data android:scheme="@string/custom_url_scheme" />
54-->src\main\AndroidManifest.xml:34:17-68
54-->src\main\AndroidManifest.xml:34:23-65
55            </intent-filter>
56        </activity>
57
58        <provider
59            android:name="androidx.core.content.FileProvider"
59-->src\main\AndroidManifest.xml:40:13-62
60            android:authorities="com.noesis.app.fileprovider"
60-->src\main\AndroidManifest.xml:41:13-64
61            android:exported="false"
61-->src\main\AndroidManifest.xml:42:13-37
62            android:grantUriPermissions="true" >
62-->src\main\AndroidManifest.xml:43:13-47
63            <meta-data
63-->src\main\AndroidManifest.xml:44:13-46:54
64                android:name="android.support.FILE_PROVIDER_PATHS"
64-->src\main\AndroidManifest.xml:45:17-67
65                android:resource="@xml/file_paths" />
65-->src\main\AndroidManifest.xml:46:17-51
66        </provider>
67
68        <!-- Media3 background playback + notification controls -->
69        <service
69-->src\main\AndroidManifest.xml:50:9-57:19
70            android:name="com.noesis.app.MediaPlaybackService"
70-->src\main\AndroidManifest.xml:51:13-49
71            android:exported="true"
71-->src\main\AndroidManifest.xml:52:13-36
72            android:foregroundServiceType="mediaPlayback" >
72-->src\main\AndroidManifest.xml:53:13-58
73            <intent-filter>
73-->src\main\AndroidManifest.xml:54:13-56:29
74                <action android:name="androidx.media3.session.MediaSessionService" />
74-->src\main\AndroidManifest.xml:55:17-86
74-->src\main\AndroidManifest.xml:55:25-83
75            </intent-filter>
76        </service>
77
78        <receiver android:name="com.capacitorjs.plugins.localnotifications.TimedNotificationPublisher" />
78-->[:capacitor-local-notifications] AndroidManifest.xml:12:9-106
78-->[:capacitor-local-notifications] AndroidManifest.xml:12:19-103
79        <receiver android:name="com.capacitorjs.plugins.localnotifications.NotificationDismissReceiver" />
79-->[:capacitor-local-notifications] AndroidManifest.xml:13:9-107
79-->[:capacitor-local-notifications] AndroidManifest.xml:13:19-104
80        <receiver
80-->[:capacitor-local-notifications] AndroidManifest.xml:14:9-23:20
81            android:name="com.capacitorjs.plugins.localnotifications.LocalNotificationRestoreReceiver"
81-->[:capacitor-local-notifications] AndroidManifest.xml:15:13-103
82            android:directBootAware="true"
82-->[:capacitor-local-notifications] AndroidManifest.xml:16:13-43
83            android:exported="false" >
83-->[:capacitor-local-notifications] AndroidManifest.xml:17:13-37
84            <intent-filter>
84-->[:capacitor-local-notifications] AndroidManifest.xml:18:13-22:29
85                <action android:name="android.intent.action.LOCKED_BOOT_COMPLETED" />
85-->[:capacitor-local-notifications] AndroidManifest.xml:19:17-86
85-->[:capacitor-local-notifications] AndroidManifest.xml:19:25-83
86                <action android:name="android.intent.action.BOOT_COMPLETED" />
86-->[:capacitor-local-notifications] AndroidManifest.xml:20:17-79
86-->[:capacitor-local-notifications] AndroidManifest.xml:20:25-76
87                <action android:name="android.intent.action.QUICKBOOT_POWERON" />
87-->[:capacitor-local-notifications] AndroidManifest.xml:21:17-82
87-->[:capacitor-local-notifications] AndroidManifest.xml:21:25-79
88            </intent-filter>
89        </receiver>
90
91        <service
91-->[:capacitor-push-notifications] AndroidManifest.xml:8:9-14:19
92            android:name="com.capacitorjs.plugins.pushnotifications.MessagingService"
92-->[:capacitor-push-notifications] AndroidManifest.xml:9:13-86
93            android:exported="false" >
93-->[:capacitor-push-notifications] AndroidManifest.xml:10:13-37
94            <intent-filter>
94-->[:capacitor-push-notifications] AndroidManifest.xml:11:13-13:29
95                <action android:name="com.google.firebase.MESSAGING_EVENT" />
95-->[:capacitor-push-notifications] AndroidManifest.xml:12:17-78
95-->[:capacitor-push-notifications] AndroidManifest.xml:12:25-75
96            </intent-filter>
97        </service>
98
99        <receiver
99-->[com.google.firebase:firebase-messaging:25.0.1] AndroidManifest.xml:29:9-40:20
100            android:name="com.google.firebase.iid.FirebaseInstanceIdReceiver"
100-->[com.google.firebase:firebase-messaging:25.0.1] AndroidManifest.xml:30:13-78
101            android:exported="true"
101-->[com.google.firebase:firebase-messaging:25.0.1] AndroidManifest.xml:31:13-36
102            android:permission="com.google.android.c2dm.permission.SEND" >
102-->[com.google.firebase:firebase-messaging:25.0.1] AndroidManifest.xml:32:13-73
103            <intent-filter>
103-->[com.google.firebase:firebase-messaging:25.0.1] AndroidManifest.xml:33:13-35:29
104                <action android:name="com.google.android.c2dm.intent.RECEIVE" />
104-->[com.google.firebase:firebase-messaging:25.0.1] AndroidManifest.xml:34:17-81
104-->[com.google.firebase:firebase-messaging:25.0.1] AndroidManifest.xml:34:25-78
105            </intent-filter>
106
107            <meta-data
107-->[com.google.firebase:firebase-messaging:25.0.1] AndroidManifest.xml:37:13-39:40
108                android:name="com.google.android.gms.cloudmessaging.FINISHED_AFTER_HANDLED"
108-->[com.google.firebase:firebase-messaging:25.0.1] AndroidManifest.xml:38:17-92
109                android:value="true" />
109-->[com.google.firebase:firebase-messaging:25.0.1] AndroidManifest.xml:39:17-37
110        </receiver>
111        <!--
112             FirebaseMessagingService performs security checks at runtime,
113             but set to not exported to explicitly avoid allowing another app to call it.
114        -->
115        <service
115-->[com.google.firebase:firebase-messaging:25.0.1] AndroidManifest.xml:46:9-53:19
116            android:name="com.google.firebase.messaging.FirebaseMessagingService"
116-->[com.google.firebase:firebase-messaging:25.0.1] AndroidManifest.xml:47:13-82
117            android:directBootAware="true"
117-->[com.google.firebase:firebase-messaging:25.0.1] AndroidManifest.xml:48:13-43
118            android:exported="false" >
118-->[com.google.firebase:firebase-messaging:25.0.1] AndroidManifest.xml:49:13-37
119            <intent-filter android:priority="-500" >
119-->[:capacitor-push-notifications] AndroidManifest.xml:11:13-13:29
120                <action android:name="com.google.firebase.MESSAGING_EVENT" />
120-->[:capacitor-push-notifications] AndroidManifest.xml:12:17-78
120-->[:capacitor-push-notifications] AndroidManifest.xml:12:25-75
121            </intent-filter>
122        </service>
123        <service
123-->[com.google.firebase:firebase-messaging:25.0.1] AndroidManifest.xml:54:9-63:19
124            android:name="com.google.firebase.components.ComponentDiscoveryService"
124-->[com.google.firebase:firebase-messaging:25.0.1] AndroidManifest.xml:55:13-84
125            android:directBootAware="true"
125-->[com.google.firebase:firebase-common:22.0.1] AndroidManifest.xml:32:13-43
126            android:exported="false" >
126-->[com.google.firebase:firebase-messaging:25.0.1] AndroidManifest.xml:56:13-37
127            <meta-data
127-->[com.google.firebase:firebase-messaging:25.0.1] AndroidManifest.xml:57:13-59:85
128                android:name="com.google.firebase.components:com.google.firebase.messaging.FirebaseMessagingKtxRegistrar"
128-->[com.google.firebase:firebase-messaging:25.0.1] AndroidManifest.xml:58:17-122
129                android:value="com.google.firebase.components.ComponentRegistrar" />
129-->[com.google.firebase:firebase-messaging:25.0.1] AndroidManifest.xml:59:17-82
130            <meta-data
130-->[com.google.firebase:firebase-messaging:25.0.1] AndroidManifest.xml:60:13-62:85
131                android:name="com.google.firebase.components:com.google.firebase.messaging.FirebaseMessagingRegistrar"
131-->[com.google.firebase:firebase-messaging:25.0.1] AndroidManifest.xml:61:17-119
132                android:value="com.google.firebase.components.ComponentRegistrar" />
132-->[com.google.firebase:firebase-messaging:25.0.1] AndroidManifest.xml:62:17-82
133            <meta-data
133-->[com.google.firebase:firebase-installations:18.0.0] AndroidManifest.xml:15:13-17:85
134                android:name="com.google.firebase.components:com.google.firebase.installations.FirebaseInstallationsKtxRegistrar"
134-->[com.google.firebase:firebase-installations:18.0.0] AndroidManifest.xml:16:17-130
135                android:value="com.google.firebase.components.ComponentRegistrar" />
135-->[com.google.firebase:firebase-installations:18.0.0] AndroidManifest.xml:17:17-82
136            <meta-data
136-->[com.google.firebase:firebase-installations:18.0.0] AndroidManifest.xml:18:13-20:85
137                android:name="com.google.firebase.components:com.google.firebase.installations.FirebaseInstallationsRegistrar"
137-->[com.google.firebase:firebase-installations:18.0.0] AndroidManifest.xml:19:17-127
138                android:value="com.google.firebase.components.ComponentRegistrar" />
138-->[com.google.firebase:firebase-installations:18.0.0] AndroidManifest.xml:20:17-82
139            <meta-data
139-->[com.google.firebase:firebase-common:22.0.1] AndroidManifest.xml:35:13-37:85
140                android:name="com.google.firebase.components:com.google.firebase.FirebaseCommonKtxRegistrar"
140-->[com.google.firebase:firebase-common:22.0.1] AndroidManifest.xml:36:17-109
141                android:value="com.google.firebase.components.ComponentRegistrar" />
141-->[com.google.firebase:firebase-common:22.0.1] AndroidManifest.xml:37:17-82
142            <meta-data
142-->[com.google.firebase:firebase-datatransport:18.2.0] AndroidManifest.xml:25:13-27:85
143                android:name="com.google.firebase.components:com.google.firebase.datatransport.TransportRegistrar"
143-->[com.google.firebase:firebase-datatransport:18.2.0] AndroidManifest.xml:26:17-115
144                android:value="com.google.firebase.components.ComponentRegistrar" />
144-->[com.google.firebase:firebase-datatransport:18.2.0] AndroidManifest.xml:27:17-82
145        </service>
146
147        <activity
147-->[com.google.android.gms:play-services-base:18.1.0] AndroidManifest.xml:20:9-22:45
148            android:name="com.google.android.gms.common.api.GoogleApiActivity"
148-->[com.google.android.gms:play-services-base:18.1.0] AndroidManifest.xml:20:19-85
149            android:exported="false"
149-->[com.google.android.gms:play-services-base:18.1.0] AndroidManifest.xml:22:19-43
150            android:theme="@android:style/Theme.Translucent.NoTitleBar" />
150-->[com.google.android.gms:play-services-base:18.1.0] AndroidManifest.xml:21:19-78
151
152        <provider
152-->[com.google.firebase:firebase-common:22.0.1] AndroidManifest.xml:23:9-28:39
153            android:name="com.google.firebase.provider.FirebaseInitProvider"
153-->[com.google.firebase:firebase-common:22.0.1] AndroidManifest.xml:24:13-77
154            android:authorities="com.noesis.app.firebaseinitprovider"
154-->[com.google.firebase:firebase-common:22.0.1] AndroidManifest.xml:25:13-72
155            android:directBootAware="true"
155-->[com.google.firebase:firebase-common:22.0.1] AndroidManifest.xml:26:13-43
156            android:exported="false"
156-->[com.google.firebase:firebase-common:22.0.1] AndroidManifest.xml:27:13-37
157            android:initOrder="100" />
157-->[com.google.firebase:firebase-common:22.0.1] AndroidManifest.xml:28:13-36
158        <provider
158-->[androidx.emoji2:emoji2:1.3.0] AndroidManifest.xml:24:9-32:20
159            android:name="androidx.startup.InitializationProvider"
159-->[androidx.emoji2:emoji2:1.3.0] AndroidManifest.xml:25:13-67
160            android:authorities="com.noesis.app.androidx-startup"
160-->[androidx.emoji2:emoji2:1.3.0] AndroidManifest.xml:26:13-68
161            android:exported="false" >
161-->[androidx.emoji2:emoji2:1.3.0] AndroidManifest.xml:27:13-37
162            <meta-data
162-->[androidx.emoji2:emoji2:1.3.0] AndroidManifest.xml:29:13-31:52
163                android:name="androidx.emoji2.text.EmojiCompatInitializer"
163-->[androidx.emoji2:emoji2:1.3.0] AndroidManifest.xml:30:17-75
164                android:value="androidx.startup" />
164-->[androidx.emoji2:emoji2:1.3.0] AndroidManifest.xml:31:17-49
165            <meta-data
165-->[androidx.lifecycle:lifecycle-process:2.6.2] AndroidManifest.xml:29:13-31:52
166                android:name="androidx.lifecycle.ProcessLifecycleInitializer"
166-->[androidx.lifecycle:lifecycle-process:2.6.2] AndroidManifest.xml:30:17-78
167                android:value="androidx.startup" />
167-->[androidx.lifecycle:lifecycle-process:2.6.2] AndroidManifest.xml:31:17-49
168            <meta-data
168-->[androidx.profileinstaller:profileinstaller:1.3.1] AndroidManifest.xml:29:13-31:52
169                android:name="androidx.profileinstaller.ProfileInstallerInitializer"
169-->[androidx.profileinstaller:profileinstaller:1.3.1] AndroidManifest.xml:30:17-85
170                android:value="androidx.startup" />
170-->[androidx.profileinstaller:profileinstaller:1.3.1] AndroidManifest.xml:31:17-49
171        </provider>
172
173        <meta-data
173-->[com.google.android.gms:play-services-basement:18.3.0] AndroidManifest.xml:21:9-23:69
174            android:name="com.google.android.gms.version"
174-->[com.google.android.gms:play-services-basement:18.3.0] AndroidManifest.xml:22:13-58
175            android:value="@integer/google_play_services_version" />
175-->[com.google.android.gms:play-services-basement:18.3.0] AndroidManifest.xml:23:13-66
176
177        <receiver
177-->[androidx.profileinstaller:profileinstaller:1.3.1] AndroidManifest.xml:34:9-52:20
178            android:name="androidx.profileinstaller.ProfileInstallReceiver"
178-->[androidx.profileinstaller:profileinstaller:1.3.1] AndroidManifest.xml:35:13-76
179            android:directBootAware="false"
179-->[androidx.profileinstaller:profileinstaller:1.3.1] AndroidManifest.xml:36:13-44
180            android:enabled="true"
180-->[androidx.profileinstaller:profileinstaller:1.3.1] AndroidManifest.xml:37:13-35
181            android:exported="true"
181-->[androidx.profileinstaller:profileinstaller:1.3.1] AndroidManifest.xml:38:13-36
182            android:permission="android.permission.DUMP" >
182-->[androidx.profileinstaller:profileinstaller:1.3.1] AndroidManifest.xml:39:13-57
183            <intent-filter>
183-->[androidx.profileinstaller:profileinstaller:1.3.1] AndroidManifest.xml:40:13-42:29
184                <action android:name="androidx.profileinstaller.action.INSTALL_PROFILE" />
184-->[androidx.profileinstaller:profileinstaller:1.3.1] AndroidManifest.xml:41:17-91
184-->[androidx.profileinstaller:profileinstaller:1.3.1] AndroidManifest.xml:41:25-88
185            </intent-filter>
186            <intent-filter>
186-->[androidx.profileinstaller:profileinstaller:1.3.1] AndroidManifest.xml:43:13-45:29
187                <action android:name="androidx.profileinstaller.action.SKIP_FILE" />
187-->[androidx.profileinstaller:profileinstaller:1.3.1] AndroidManifest.xml:44:17-85
187-->[androidx.profileinstaller:profileinstaller:1.3.1] AndroidManifest.xml:44:25-82
188            </intent-filter>
189            <intent-filter>
189-->[androidx.profileinstaller:profileinstaller:1.3.1] AndroidManifest.xml:46:13-48:29
190                <action android:name="androidx.profileinstaller.action.SAVE_PROFILE" />
190-->[androidx.profileinstaller:profileinstaller:1.3.1] AndroidManifest.xml:47:17-88
190-->[androidx.profileinstaller:profileinstaller:1.3.1] AndroidManifest.xml:47:25-85
191            </intent-filter>
192            <intent-filter>
192-->[androidx.profileinstaller:profileinstaller:1.3.1] AndroidManifest.xml:49:13-51:29
193                <action android:name="androidx.profileinstaller.action.BENCHMARK_OPERATION" />
193-->[androidx.profileinstaller:profileinstaller:1.3.1] AndroidManifest.xml:50:17-95
193-->[androidx.profileinstaller:profileinstaller:1.3.1] AndroidManifest.xml:50:25-92
194            </intent-filter>
195        </receiver>
196
197        <service
197-->[com.google.android.datatransport:transport-backend-cct:3.1.9] AndroidManifest.xml:28:9-34:19
198            android:name="com.google.android.datatransport.runtime.backends.TransportBackendDiscovery"
198-->[com.google.android.datatransport:transport-backend-cct:3.1.9] AndroidManifest.xml:29:13-103
199            android:exported="false" >
199-->[com.google.android.datatransport:transport-backend-cct:3.1.9] AndroidManifest.xml:30:13-37
200            <meta-data
200-->[com.google.android.datatransport:transport-backend-cct:3.1.9] AndroidManifest.xml:31:13-33:39
201                android:name="backend:com.google.android.datatransport.cct.CctBackendFactory"
201-->[com.google.android.datatransport:transport-backend-cct:3.1.9] AndroidManifest.xml:32:17-94
202                android:value="cct" />
202-->[com.google.android.datatransport:transport-backend-cct:3.1.9] AndroidManifest.xml:33:17-36
203        </service>
204        <service
204-->[com.google.android.datatransport:transport-runtime:3.1.9] AndroidManifest.xml:26:9-30:19
205            android:name="com.google.android.datatransport.runtime.scheduling.jobscheduling.JobInfoSchedulerService"
205-->[com.google.android.datatransport:transport-runtime:3.1.9] AndroidManifest.xml:27:13-117
206            android:exported="false"
206-->[com.google.android.datatransport:transport-runtime:3.1.9] AndroidManifest.xml:28:13-37
207            android:permission="android.permission.BIND_JOB_SERVICE" >
207-->[com.google.android.datatransport:transport-runtime:3.1.9] AndroidManifest.xml:29:13-69
208        </service>
209
210        <receiver
210-->[com.google.android.datatransport:transport-runtime:3.1.9] AndroidManifest.xml:32:9-34:40
211            android:name="com.google.android.datatransport.runtime.scheduling.jobscheduling.AlarmManagerSchedulerBroadcastReceiver"
211-->[com.google.android.datatransport:transport-runtime:3.1.9] AndroidManifest.xml:33:13-132
212            android:exported="false" />
212-->[com.google.android.datatransport:transport-runtime:3.1.9] AndroidManifest.xml:34:13-37
213    </application>
214
215</manifest>